<?xml version="1.0" encoding="UTF-8"?>
<!-- Generated by org.testng.reporters.JUnitXMLReporter -->
<testsuite hostname="DESKTOP-UPSQUGU" ignored="2" name="Surefire test" tests="14" failures="6" timestamp="2021-04-11T13:31:24 ICT" time="13.667" errors="0">
  <testcase name="testRegisterAPI" time="4.199" classname="com.jakartalabs.fullstack_answer.TestAPI"/>
  <testcase name="testChangeCurrencyAPI" time="1.684" classname="com.jakartalabs.fullstack_answer.TestAPI"/>
  <testcase name="testCheckProfileAPI" time="1.402" classname="com.jakartalabs.fullstack_answer.TestAPI"/>
  <testcase name="testLogoutAPI" time="1.315" classname="com.jakartalabs.fullstack_answer.TestAPI"/>
  <testcase name="test2" time="0.0" classname="com.jakartalabs.fullstack_answer.TestNGExamples"/>
  <testcase name="test2a" time="0.0" classname="com.jakartalabs.fullstack_answer.TestNGExamples"/>
  <testcase name="test2b" time="0.0" classname="com.jakartalabs.fullstack_answer.TestNGExamples"/>
  <testcase name="test1" time="0.0" classname="com.jakartalabs.fullstack_answer.TestNGExamples"/>
  <testcase name="testLoginUI" time="0.0" classname="com.jakartalabs.fullstack_answer.TestUI">
    <failure type="java.lang.NullPointerException">
      <![CDATA[java.lang.NullPointerException
at com.jakartalabs.fullstack_answer.TestUI.testLoginUI(TestUI.java:27)
at java.util.ArrayList.forEach(ArrayList.java:1259)
... Removed 32 stack frames]]>
    </failure>
  </testcase> <!-- testLoginUI -->
  <testcase name="testSelectProjectUI" time="5.001" classname="com.jakartalabs.fullstack_answer.TestUI">
    <failure type="java.lang.NullPointerException">
      <![CDATA[java.lang.NullPointerException
at com.jakartalabs.fullstack_answer.TestUI.testSelectProjectUI(TestUI.java:46)
at java.util.ArrayList.forEach(ArrayList.java:1259)
... Removed 32 stack frames]]>
    </failure>
  </testcase> <!-- testSelectProjectUI -->
  <testcase name="testFeaturesUI" time="0.0" classname="com.jakartalabs.fullstack_answer.TestUI">
    <failure type="java.lang.NullPointerException">
      <![CDATA[java.lang.NullPointerException
at com.jakartalabs.fullstack_answer.TestUI.testFeaturesUI(TestUI.java:53)
at java.util.ArrayList.forEach(ArrayList.java:1259)
... Removed 32 stack frames]]>
    </failure>
  </testcase> <!-- testFeaturesUI -->
  <testcase name="testDeliveryUI" time="0.0" classname="com.jakartalabs.fullstack_answer.TestUI">
    <failure type="java.lang.NullPointerException">
      <![CDATA[java.lang.NullPointerException
at com.jakartalabs.fullstack_answer.TestUI.testDeliveryUI(TestUI.java:66)
at java.util.ArrayList.forEach(ArrayList.java:1259)
... Removed 32 stack frames]]>
    </failure>
  </testcase> <!-- testDeliveryUI -->
  <testcase name="testSaveTemplateUI" time="0.0" classname="com.jakartalabs.fullstack_answer.TestUI">
    <failure type="java.lang.NullPointerException">
      <![CDATA[java.lang.NullPointerException
at com.jakartalabs.fullstack_answer.TestUI.testSaveTemplateUI(TestUI.java:76)
at java.util.ArrayList.forEach(ArrayList.java:1259)
... Removed 32 stack frames]]>
    </failure>
  </testcase> <!-- testSaveTemplateUI -->
  <testcase name="testDeleteTemplateUI" time="0.0" classname="com.jakartalabs.fullstack_answer.TestUI">
    <failure type="java.lang.NullPointerException">
      <![CDATA[java.lang.NullPointerException
at com.jakartalabs.fullstack_answer.TestUI.testDeleteTemplateUI(TestUI.java:96)
at java.util.ArrayList.forEach(ArrayList.java:1259)
... Removed 32 stack frames]]>
    </failure>
  </testcase> <!-- testDeleteTemplateUI -->
  <testcase name="@BeforeSuite setupSystemUnderTest" time="0.0" classname="com.jakartalabs.baseui.BaseUITest">
    <ignored/>
  </testcase> <!-- @BeforeSuite setupSystemUnderTest -->
  <testcase name="@AfterSuite cleanup" time="0.0" classname="com.jakartalabs.baseui.BaseUITest">
    <ignored/>
  </testcase> <!-- @AfterSuite cleanup -->
</testsuite> <!-- Surefire test -->
