<?xml version="1.0" encoding="UTF-8"?>
<!-- Generated by org.testng.reporters.JUnitXMLReporter -->
<testsuite hostname="DESKTOP-UPSQUGU" ignored="0" name="Default test" tests="4" failures="0" timestamp="2021-04-11T13:52:02 ICT" time="9.935" errors="0">
  <testcase name="testRegisterAPI" time="5.321" classname="com.jakartalabs.fullstack_answer.TestAPI"/>
  <testcase name="testChangeCurrencyAPI" time="1.757" classname="com.jakartalabs.fullstack_answer.TestAPI"/>
  <testcase name="testCheckProfileAPI" time="1.425" classname="com.jakartalabs.fullstack_answer.TestAPI"/>
  <testcase name="testLogoutAPI" time="1.337" classname="com.jakartalabs.fullstack_answer.TestAPI"/>
</testsuite> <!-- Default test -->
