<?xml version="1.0" encoding="UTF-8"?>
<!-- Generated by org.testng.reporters.JUnitXMLReporter -->
<testsuite hostname="DESKTOP-UPSQUGU" ignored="0" name="Test" tests="4" failures="0" timestamp="2021-04-11T16:01:36 ICT" time="9.567" errors="0">
  <testcase name="testRegisterAPI" time="5.15" classname="com.jakartalabs.fullstack_answer.TestAPI"/>
  <testcase name="testChangeCurrencyAPI" time="1.7" classname="com.jakartalabs.fullstack_answer.TestAPI"/>
  <testcase name="testCheckProfileAPI" time="1.362" classname="com.jakartalabs.fullstack_answer.TestAPI"/>
  <testcase name="testLogoutAPI" time="1.292" classname="com.jakartalabs.fullstack_answer.TestAPI"/>
</testsuite> <!-- Test -->
